Arguments: 
  /Users/zhanghefan/.nvm/versions/node/v14.15.1/bin/node /Users/zhanghefan/.nvm/versions/node/v12.16.2/bin/yarn add terserPlugin -D

PATH: 
  /Users/zhanghefan/.nvm/versions/node/v14.15.1/bin:/Users/zhanghefan/.nvm/versions/node/v12.16.2/bin:/usr/local/bin:/usr/bin:/bin:/usr/sbin:/sbin:/Library/Apple/usr/bin:/Users/zhanghefan/.nvm/versions/node/v12.16.2/bin:/usr/local/mysql/bin/:/usr/local/mysql/bin/

Yarn version: 
  1.22.4

Node version: 
  14.15.1

Platform: 
  darwin x64

Trace: 
  Error: https://registry.npm.taobao.org/terserPlugin: Not found
      at Request.params.callback [as _callback] (/Users/zhanghefan/.nvm/versions/node/v12.16.2/lib/node_modules/yarn/lib/cli.js:66987:18)
      at Request.self.callback (/Users/zhanghefan/.nvm/versions/node/v12.16.2/lib/node_modules/yarn/lib/cli.js:140748:22)
      at Request.emit (events.js:315:20)
      at Request.<anonymous> (/Users/zhanghefan/.nvm/versions/node/v12.16.2/lib/node_modules/yarn/lib/cli.js:141720:10)
      at Request.emit (events.js:315:20)
      at IncomingMessage.<anonymous> (/Users/zhanghefan/.nvm/versions/node/v12.16.2/lib/node_modules/yarn/lib/cli.js:141642:12)
      at Object.onceWrapper (events.js:421:28)
      at IncomingMessage.emit (events.js:327:22)
      at endReadableNT (_stream_readable.js:1327:12)
      at processTicksAndRejections (internal/process/task_queues.js:80:21)

npm manifest: 
  {
    "name": "start",
    "version": "1.0.0",
    "description": "",
    "private": true,
    "main": "index.js",
    "scripts": {
      "build": "webpack --config webpack.config.js",
      "watch": "webpack --watch",
      "start": "webpack-dev-server",
      "server": "node server.js"
    },
    "keywords": [],
    "author": "",
    "license": "ISC",
    "devDependencies": {
      "@babel/core": "^7.8.4",
      "@babel/plugin-transform-runtime": "^7.8.3",
      "babel-core": "^6.26.3",
      "babel-loader": "^8.0.6",
      "babel-plugin-transform-runtime": "^6.23.0",
      "babel-preset-env": "^1.7.0",
      "babel-preset-es2015": "^6.24.1",
      "babel-runtime": "^6.26.0",
      "clean-webpack-plugin": "^3.0.0",
      "css-loader": "^3.2.1",
      "express": "^4.17.1",
      "file-loader": "^5.0.2",
      "html-webpack-plugin": "^3.2.0",
      "mini-css-extract-plugin": "^0.9.0",
      "style-loader": "^1.0.1",
      "webpack": "^4.41.2",
      "webpack-cli": "^3.3.10",
      "webpack-dev-middleware": "^3.7.2",
      "webpack-dev-server": "^3.10.3",
      "xml-loader": "^1.2.1"
    },
    "dependencies": {
      "lodash": "^4.17.15"
    }
  }

yarn manifest: 
  No manifest

Lockfile: 
  No lockfile
